<?xml version="1.0" encoding="UTF-8"?>
<testng-results total="0" passed="0" failed="0" skipped="0">
  <reporter-output>
  </reporter-output>
  <suite started-at="2020-09-08T17:31:48Z" name="BDD Test Suite" finished-at="2020-09-08T17:31:48Z" duration-ms="6">
    <groups>
    </groups>
    <test started-at="2020-09-08T17:31:48Z" name="Login and Update Profile Test" finished-at="2020-09-08T17:31:48Z" duration-ms="6">
    </test> <!-- Login and Update Profile Test -->
  </suite> <!-- BDD Test Suite -->
</testng-results>
